<?xml version="1.0" encoding="UTF-8"?>
<testsuite xmlns:xsi="http://www.w3.org/2001/XMLSchema-instance" xsi:noNamespaceSchemaLocation="https://maven.apache.org/surefire/maven-surefire-plugin/xsd/surefire-test-report-3.0.xsd" version="3.0" name="com.eazybytes.configserver.ConfigserverApplicationTests" time="6.151" tests="1" errors="0" skipped="0" failures="0">
  <properties>
[...]
</properties>
  <testcase name="contextLoads" classname="com.eazybytes.configserver.ConfigserverApplicationTests" time="1.187">
    <system-out><![CDATA[13:23:58.149 [main] INFO org.springframework.test.context.support.AnnotationConfigContextLoaderUtils -- Could not detect default configuration classes for test class [com.eazybytes.configserver.ConfigserverApplicationTests]: ConfigserverApplicationTests does not declare any static, non-private, non-final, nested classes annotated with @Configuration.
13:23:58.324 [main] INFO org.springframework.boot.test.context.SpringBootTestContextBootstrapper -- Found @SpringBootConfiguration com.eazybytes.configserver.ConfigserverApplication for test class com.eazybytes.configserver.ConfigserverApplicationTests

  .   ____          _            __ _ _
 /\\ / ___'_ __ _ _(_)_ __  __ _ \ \ \ \
( ( )\___ | '_ | '_| | '_ \/ _` | \ \ \ \
 \\/  ___)| |_)| | | | | || (_| |  ) ) ) )
  '  |____| .__|_| |_|_| |_\__, | / / / /
 =========|_|==============|___/=/_/_/_/
 :: Spring Boot ::                (v3.2.2)

2024-01-22T13:23:59.321+01:00  INFO 4272 --- [           main] c.e.c.ConfigserverApplicationTests       : Starting ConfigserverApplicationTests using Java 20.0.1 with PID 4272 (started by mac in /Users/mac/Desktop/microservices/section6/v2-spring-cloud-config/configserver)
2024-01-22T13:23:59.324+01:00  INFO 4272 --- [           main] c.e.c.ConfigserverApplicationTests       : No active profile set, falling back to 1 default profile: "default"
2024-01-22T13:24:01.275+01:00  INFO 4272 --- [           main] o.s.cloud.context.scope.GenericScope     : BeanFactory id=7cf1603a-aa8c-3dcf-a41b-d06ad075640e
2024-01-22T13:24:02.531+01:00  INFO 4272 --- [           main] o.s.b.a.e.web.EndpointLinksResolver      : Exposing 1 endpoint(s) beneath base path '/actuator'
2024-01-22T13:24:02.631+01:00  INFO 4272 --- [           main] c.e.c.ConfigserverApplicationTests       : Started ConfigserverApplicationTests in 4.055 seconds (process running for 5.696)
]]></system-out>
  </testcase>
</testsuite>